<?xml version="1.0" encoding="UTF-8"?>
<testsuite xmlns:xsi="http://www.w3.org/2001/XMLSchema-instance" xsi:noNamespaceSchemaLocation="https://maven.apache.org/surefire/maven-surefire-plugin/xsd/surefire-test-report.xsd" name="com.splitscale.shield.AuthTest" time="0.74" tests="2" errors="0" skipped="0" failures="0">
  <properties>
[...]
</properties>
  <testcase name="AuthorizationGettersTest" classname="com.splitscale.shield.AuthTest" time="0.71"/>
  <testcase name="AuthServiceGettersTest" classname="com.splitscale.shield.AuthTest" time="0.006"/>
</testsuite>